빌드 시작: 2017-10-22 오후 8:30:08
     1>2 노드의 "C:\Users\User\Desktop\공부\자료구조\HW2_4\HW2_4\HW2_4.vcxproj" 프로젝트(build 대상)입니다.
     1>PrepareForBuild:
         "C:\Users\User\Desktop\공부\자료구조\HW2_4\Debug\" 디렉터리를 만들고 있습니다.
       InitializeBuildStatus:
         "AlwaysCreate"이(가) 지정되었기 때문에 "Debug\HW2_4.unsuccessfulbuild"을(를) 만들고 있습니다.
       ClCompile:
         C:\Program Files (x86)\Microsoft Visual Studio 10.0\VC\bin\CL.exe /c /ZI /nologo /W3 /WX- /Od /Oy- /D WIN32 /D _DEBUG /D _CONSOLE /D _UNICODE /D UNICODE /Gm /EHsc /RTC1 /MDd /GS /fp:precise /Zc:wchar_t /Zc:forScope /Fo"Debug\\" /Fd"Debug\vc100.pdb" /Gd /TC /analyze- /errorReport:prompt HW2_4.c
         HW2_4.c
     1>c:\users\user\desktop\공부\자료구조\hw2_4\hw2_4\hw2_4.c(3): warning C4067: 전처리기 지시문 다음에 예기치 않은 토큰이 있습니다. 줄 바꿈 문자가 필요합니다.
     1>c:\users\user\desktop\공부\자료구조\hw2_4\hw2_4\hw2_4.c(80): warning C4047: '!=' : 'int'의 간접 참조 수준이 'void *'과(와) 다릅니다.
     1>c:\users\user\desktop\공부\자료구조\hw2_4\hw2_4\hw2_4.c(83): warning C4047: '!=' : 'int'의 간접 참조 수준이 'void *'과(와) 다릅니다.
     1>c:\users\user\desktop\공부\자료구조\hw2_4\hw2_4\hw2_4.c(94): warning C4996: 'scanf': This function or variable may be unsafe. Consider using scanf_s instead. To disable deprecation, use _CRT_SECURE_NO_WARNINGS. See online help for details.
                 c:\program files (x86)\microsoft visual studio 10.0\vc\include\stdio.h(304) : 'scanf' 선언을 참조하십시오.
       ManifestResourceCompile:
         C:\Program Files (x86)\Microsoft SDKs\Windows\v7.0A\bin\rc.exe /nologo /fo"Debug\HW2_4.exe.embed.manifest.res" Debug\HW2_4_manifest.rc 
       Link:
         C:\Program Files (x86)\Microsoft Visual Studio 10.0\VC\bin\link.exe /ERRORREPORT:PROMPT /OUT:"C:\Users\User\Desktop\공부\자료구조\HW2_4\Debug\HW2_4.exe" /INCREMENTAL /NOLOGO kernel32.lib user32.lib gdi32.lib winspool.lib comdlg32.lib advapi32.lib shell32.lib ole32.lib oleaut32.lib uuid.lib odbc32.lib odbccp32.lib /MANIFEST /ManifestFile:"Debug\HW2_4.exe.intermediate.manifest" /MANIFESTUAC:"level='asInvoker' uiAccess='false'" /DEBUG /PDB:"C:\Users\User\Desktop\공부\자료구조\HW2_4\Debug\HW2_4.pdb" /SUBSYSTEM:CONSOLE /TLBID:1 /DYNAMICBASE /NXCOMPAT /IMPLIB:"C:\Users\User\Desktop\공부\자료구조\HW2_4\Debug\HW2_4.lib" /MACHINE:X86 Debug\HW2_4.exe.embed.manifest.res
         Debug\HW2_4.obj
       Manifest:
         C:\Program Files (x86)\Microsoft SDKs\Windows\v7.0A\bin\mt.exe /nologo /verbose /out:"Debug\HW2_4.exe.embed.manifest" /manifest Debug\HW2_4.exe.intermediate.manifest
         C:\Program Files (x86)\Microsoft SDKs\Windows\v7.0A\bin\rc.exe /nologo /fo"Debug\HW2_4.exe.embed.manifest.res" Debug\HW2_4_manifest.rc 
       LinkEmbedManifest:
         C:\Program Files (x86)\Microsoft Visual Studio 10.0\VC\bin\link.exe /ERRORREPORT:PROMPT /OUT:"C:\Users\User\Desktop\공부\자료구조\HW2_4\Debug\HW2_4.exe" /INCREMENTAL /NOLOGO kernel32.lib user32.lib gdi32.lib winspool.lib comdlg32.lib advapi32.lib shell32.lib ole32.lib oleaut32.lib uuid.lib odbc32.lib odbccp32.lib /MANIFEST /ManifestFile:"Debug\HW2_4.exe.intermediate.manifest" /MANIFESTUAC:"level='asInvoker' uiAccess='false'" /DEBUG /PDB:"C:\Users\User\Desktop\공부\자료구조\HW2_4\Debug\HW2_4.pdb" /SUBSYSTEM:CONSOLE /TLBID:1 /DYNAMICBASE /NXCOMPAT /IMPLIB:"C:\Users\User\Desktop\공부\자료구조\HW2_4\Debug\HW2_4.lib" /MACHINE:X86 Debug\HW2_4.exe.embed.manifest.res
         Debug\HW2_4.obj
         HW2_4.vcxproj -> C:\Users\User\Desktop\공부\자료구조\HW2_4\Debug\HW2_4.exe
       FinalizeBuildStatus:
         "Debug\HW2_4.unsuccessfulbuild" 파일을 삭제하고 있습니다.
         "Debug\HW2_4.lastbuildstate"에 연결(touching)하고 있습니다.
     1>"C:\Users\User\Desktop\공부\자료구조\HW2_4\HW2_4\HW2_4.vcxproj" 프로젝트를 빌드했습니다(build 대상).

빌드했습니다.

경과 시간: 00:00:00.98
