C:\USERS\USER\DESKTOP\공부\자료구조\HW1_3\DEBUG\HW1_3.EXE
C:\USERS\USER\DESKTOP\공부\자료구조\HW1_3\DEBUG\HW1_3.ILK
C:\USERS\USER\DESKTOP\공부\자료구조\HW1_3\DEBUG\HW1_3.PDB
C:\Users\User\Desktop\공부\자료구조\HW1_3\HW1_3\Debug\cl.command.1.tlog
C:\Users\User\Desktop\공부\자료구조\HW1_3\HW1_3\Debug\CL.read.1.tlog
C:\Users\User\Desktop\공부\자료구조\HW1_3\HW1_3\Debug\CL.write.1.tlog
C:\USERS\USER\DESKTOP\공부\자료구조\HW1_3\HW1_3\DEBUG\HW1_3.EXE.EMBED.MANIFEST
C:\USERS\USER\DESKTOP\공부\자료구조\HW1_3\HW1_3\DEBUG\HW1_3.EXE.EMBED.MANIFEST.RES
C:\USERS\USER\DESKTOP\공부\자료구조\HW1_3\HW1_3\DEBUG\HW1_3.EXE.INTERMEDIATE.MANIFEST
C:\USERS\USER\DESKTOP\공부\자료구조\HW1_3\HW1_3\DEBUG\HW1_3.OBJ
C:\Users\User\Desktop\공부\자료구조\HW1_3\HW1_3\Debug\HW1_3.vcxprojResolveAssemblyReference.cache
C:\Users\User\Desktop\공부\자료구조\HW1_3\HW1_3\Debug\HW1_3.write.1.tlog
C:\Users\User\Desktop\공부\자료구조\HW1_3\HW1_3\Debug\HW1_3_manifest.rc
C:\Users\User\Desktop\공부\자료구조\HW1_3\HW1_3\Debug\link.9120.read.1.tlog
C:\Users\User\Desktop\공부\자료구조\HW1_3\HW1_3\Debug\link.9120.write.1.tlog
C:\Users\User\Desktop\공부\자료구조\HW1_3\HW1_3\Debug\link.9120-cvtres.read.1.tlog
C:\Users\User\Desktop\공부\자료구조\HW1_3\HW1_3\Debug\link.9120-cvtres.write.1.tlog
C:\Users\User\Desktop\공부\자료구조\HW1_3\HW1_3\Debug\link.command.1.tlog
C:\Users\User\Desktop\공부\자료구조\HW1_3\HW1_3\Debug\link.read.1.tlog
C:\Users\User\Desktop\공부\자료구조\HW1_3\HW1_3\Debug\link.write.1.tlog
C:\Users\User\Desktop\공부\자료구조\HW1_3\HW1_3\Debug\link-cvtres.read.1.tlog
C:\Users\User\Desktop\공부\자료구조\HW1_3\HW1_3\Debug\link-cvtres.write.1.tlog
C:\Users\User\Desktop\공부\자료구조\HW1_3\HW1_3\Debug\mt.command.1.tlog
C:\Users\User\Desktop\공부\자료구조\HW1_3\HW1_3\Debug\mt.read.1.tlog
C:\Users\User\Desktop\공부\자료구조\HW1_3\HW1_3\Debug\mt.write.1.tlog
C:\Users\User\Desktop\공부\자료구조\HW1_3\HW1_3\Debug\rc.command.1.tlog
C:\Users\User\Desktop\공부\자료구조\HW1_3\HW1_3\Debug\rc.read.1.tlog
C:\Users\User\Desktop\공부\자료구조\HW1_3\HW1_3\Debug\rc.write.1.tlog
C:\Users\User\Desktop\공부\자료구조\HW1_3\HW1_3\Debug\vc100.idb
C:\USERS\USER\DESKTOP\공부\자료구조\HW1_3\HW1_3\DEBUG\VC100.PDB
