C:\USERS\USER\DESKTOP\공부\자료구조\HW1_4\DEBUG\HW1_4.EXE
C:\USERS\USER\DESKTOP\공부\자료구조\HW1_4\DEBUG\HW1_4.ILK
C:\USERS\USER\DESKTOP\공부\자료구조\HW1_4\DEBUG\HW1_4.PDB
C:\Users\User\Desktop\공부\자료구조\HW1_4\HW1_4\Debug\cl.command.1.tlog
C:\Users\User\Desktop\공부\자료구조\HW1_4\HW1_4\Debug\CL.read.1.tlog
C:\Users\User\Desktop\공부\자료구조\HW1_4\HW1_4\Debug\CL.write.1.tlog
C:\USERS\USER\DESKTOP\공부\자료구조\HW1_4\HW1_4\DEBUG\HW1_4.EXE.EMBED.MANIFEST
C:\USERS\USER\DESKTOP\공부\자료구조\HW1_4\HW1_4\DEBUG\HW1_4.EXE.EMBED.MANIFEST.RES
C:\USERS\USER\DESKTOP\공부\자료구조\HW1_4\HW1_4\DEBUG\HW1_4.EXE.INTERMEDIATE.MANIFEST
C:\USERS\USER\DESKTOP\공부\자료구조\HW1_4\HW1_4\DEBUG\HW1_4.OBJ
C:\Users\User\Desktop\공부\자료구조\HW1_4\HW1_4\Debug\HW1_4.vcxprojResolveAssemblyReference.cache
C:\Users\User\Desktop\공부\자료구조\HW1_4\HW1_4\Debug\HW1_4.write.1.tlog
C:\Users\User\Desktop\공부\자료구조\HW1_4\HW1_4\Debug\HW1_4_manifest.rc
C:\Users\User\Desktop\공부\자료구조\HW1_4\HW1_4\Debug\link.14988.read.1.tlog
C:\Users\User\Desktop\공부\자료구조\HW1_4\HW1_4\Debug\link.14988.write.1.tlog
C:\Users\User\Desktop\공부\자료구조\HW1_4\HW1_4\Debug\link.14988-cvtres.read.1.tlog
C:\Users\User\Desktop\공부\자료구조\HW1_4\HW1_4\Debug\link.14988-cvtres.write.1.tlog
C:\Users\User\Desktop\공부\자료구조\HW1_4\HW1_4\Debug\link.command.1.tlog
C:\Users\User\Desktop\공부\자료구조\HW1_4\HW1_4\Debug\link.read.1.tlog
C:\Users\User\Desktop\공부\자료구조\HW1_4\HW1_4\Debug\link.write.1.tlog
C:\Users\User\Desktop\공부\자료구조\HW1_4\HW1_4\Debug\link-cvtres.read.1.tlog
C:\Users\User\Desktop\공부\자료구조\HW1_4\HW1_4\Debug\link-cvtres.write.1.tlog
C:\Users\User\Desktop\공부\자료구조\HW1_4\HW1_4\Debug\mt.command.1.tlog
C:\Users\User\Desktop\공부\자료구조\HW1_4\HW1_4\Debug\mt.read.1.tlog
C:\Users\User\Desktop\공부\자료구조\HW1_4\HW1_4\Debug\mt.write.1.tlog
C:\Users\User\Desktop\공부\자료구조\HW1_4\HW1_4\Debug\rc.command.1.tlog
C:\Users\User\Desktop\공부\자료구조\HW1_4\HW1_4\Debug\rc.read.1.tlog
C:\Users\User\Desktop\공부\자료구조\HW1_4\HW1_4\Debug\rc.write.1.tlog
C:\Users\User\Desktop\공부\자료구조\HW1_4\HW1_4\Debug\vc100.idb
C:\USERS\USER\DESKTOP\공부\자료구조\HW1_4\HW1_4\DEBUG\VC100.PDB
