C:\USERS\USER\DESKTOP\공부\REVIEW1_1\DEBUG\REVIEW1_1_1.EXE
C:\USERS\USER\DESKTOP\공부\REVIEW1_1\DEBUG\REVIEW1_1_1.ILK
C:\USERS\USER\DESKTOP\공부\REVIEW1_1\DEBUG\REVIEW1_1_1.PDB
C:\Users\User\Desktop\공부\Review1_1\Review1_1_1\Debug\cl.command.1.tlog
C:\Users\User\Desktop\공부\Review1_1\Review1_1_1\Debug\CL.read.1.tlog
C:\Users\User\Desktop\공부\Review1_1\Review1_1_1\Debug\CL.write.1.tlog
C:\Users\User\Desktop\공부\Review1_1\Review1_1_1\Debug\link.10956.read.1.tlog
C:\Users\User\Desktop\공부\Review1_1\Review1_1_1\Debug\link.10956.write.1.tlog
C:\Users\User\Desktop\공부\Review1_1\Review1_1_1\Debug\link.10956-cvtres.read.1.tlog
C:\Users\User\Desktop\공부\Review1_1\Review1_1_1\Debug\link.10956-cvtres.write.1.tlog
C:\Users\User\Desktop\공부\Review1_1\Review1_1_1\Debug\link.command.1.tlog
C:\Users\User\Desktop\공부\Review1_1\Review1_1_1\Debug\link.read.1.tlog
C:\Users\User\Desktop\공부\Review1_1\Review1_1_1\Debug\link.write.1.tlog
C:\Users\User\Desktop\공부\Review1_1\Review1_1_1\Debug\link-cvtres.read.1.tlog
C:\Users\User\Desktop\공부\Review1_1\Review1_1_1\Debug\link-cvtres.write.1.tlog
C:\Users\User\Desktop\공부\Review1_1\Review1_1_1\Debug\mt.command.1.tlog
C:\Users\User\Desktop\공부\Review1_1\Review1_1_1\Debug\mt.read.1.tlog
C:\Users\User\Desktop\공부\Review1_1\Review1_1_1\Debug\mt.write.1.tlog
C:\Users\User\Desktop\공부\Review1_1\Review1_1_1\Debug\rc.command.1.tlog
C:\Users\User\Desktop\공부\Review1_1\Review1_1_1\Debug\rc.read.1.tlog
C:\Users\User\Desktop\공부\Review1_1\Review1_1_1\Debug\rc.write.1.tlog
C:\USERS\USER\DESKTOP\공부\REVIEW1_1\REVIEW1_1_1\DEBUG\REVIEW1_1_1.EXE.EMBED.MANIFEST
C:\USERS\USER\DESKTOP\공부\REVIEW1_1\REVIEW1_1_1\DEBUG\REVIEW1_1_1.EXE.EMBED.MANIFEST.RES
C:\USERS\USER\DESKTOP\공부\REVIEW1_1\REVIEW1_1_1\DEBUG\REVIEW1_1_1.EXE.INTERMEDIATE.MANIFEST
C:\USERS\USER\DESKTOP\공부\REVIEW1_1\REVIEW1_1_1\DEBUG\REVIEW1_1_1.OBJ
C:\Users\User\Desktop\공부\Review1_1\Review1_1_1\Debug\Review1_1_1.write.1.tlog
C:\Users\User\Desktop\공부\Review1_1\Review1_1_1\Debug\Review1_1_1_manifest.rc
C:\Users\User\Desktop\공부\Review1_1\Review1_1_1\Debug\vc100.idb
C:\USERS\USER\DESKTOP\공부\REVIEW1_1\REVIEW1_1_1\DEBUG\VC100.PDB
